<?xml version="1.0" encoding="UTF-8"?>
<!-- Generated by org.testng.reporters.JUnitXMLReporter -->
<testsuite hostname="sirishas-Air.hitronhub.home" ignored="1" name="Google Test(failed)(failed)" tests="1" failures="0" timestamp="01 Feb 2022 22:49:55 GMT" time="6.101" errors="0">
  <testcase name="googletTitleTest" time="0.015" classname="Apptests.GoogleTest"/>
  <testcase name="googleSearch" time="0.0" classname="Apptests.GoogleTest">
    <ignored/>
  </testcase> <!-- googleSearch -->
</testsuite> <!-- Google Test(failed)(failed) -->
