<?xml version="1.0" encoding="UTF-8"?>
<!-- Generated by org.testng.reporters.JUnitXMLReporter -->
<testsuite hostname="sirishas-Air.hitronhub.home" ignored="3" name="OrangeHRM Test(failed)(failed)" tests="1" failures="0" timestamp="01 Feb 2022 22:49:49 GMT" time="7.419" errors="0">
  <testcase name="pageTitleTest" time="0.021" classname="Apptests.OrangeHrmTest"/>
  <testcase name="contactSalesLinkTest" time="0.0" classname="Apptests.OrangeHrmTest">
    <ignored/>
  </testcase> <!-- contactSalesLinkTest -->
  <testcase name="headerTest" time="0.0" classname="Apptests.OrangeHrmTest">
    <ignored/>
  </testcase> <!-- headerTest -->
  <testcase name="logoTest" time="0.0" classname="Apptests.OrangeHrmTest">
    <ignored/>
  </testcase> <!-- logoTest -->
</testsuite> <!-- OrangeHRM Test(failed)(failed) -->
