<?xml version="1.0" encoding="UTF-8"?>
<!-- Generated by org.testng.reporters.JUnitXMLReporter -->
<testsuite hostname="sirishas-Air.hitronhub.home" ignored="0" name="OrangeHRM Test" tests="4" failures="0" timestamp="03 Feb 2022 22:51:27 GMT" time="8.509" errors="0">
  <testcase name="logoTest" time="0.107" classname="Apptests.OrangeHrmTest"/>
  <testcase name="contactSalesLinkTest" time="0.107" classname="Apptests.OrangeHrmTest"/>
  <testcase name="headerTest" time="0.021" classname="Apptests.OrangeHrmTest"/>
  <testcase name="pageTitleTest" time="0.007" classname="Apptests.OrangeHrmTest"/>
</testsuite> <!-- OrangeHRM Test -->
